<?xml version="1.0" encoding="UTF-8"?>
<!-- Generated by org.testng.reporters.JUnitReportReporter -->
<testsuite hostname="DESKTOP-1CVLIIA" failures="0" tests="1" name="tests.basicAjaxDesktopTest" time="71.196" errors="0" timestamp="2022-09-07T00:34:33 EEST" skipped="0">
  <testcase classname="tests.basicAjaxDesktopTest" name="testCodeIn" time="71.196"/>
  <system-out/>
</testsuite> <!-- tests.basicAjaxDesktopTest -->
