<?xml version="1.0" encoding="UTF-8"?>
<!-- Generated by org.testng.reporters.JUnitReportReporter -->
<testsuite hostname="DESKTOP-1CVLIIA" failures="0" tests="1" name="tests.simpleDynamicTest" time="32.394" errors="0" timestamp="2022-09-07T00:34:33 EEST" skipped="0">
  <testcase classname="tests.simpleDynamicTest" name="butons" time="32.394"/>
  <system-out/>
</testsuite> <!-- tests.simpleDynamicTest -->
