<?xml version="1.0" encoding="UTF-8"?>
<!-- Generated by org.testng.reporters.JUnitReportReporter -->
<testsuite hostname="DESKTOP-1CVLIIA" failures="0" tests="1" name="tests.javaScriptRedirectionTest" time="31.771" errors="0" timestamp="2022-09-07T00:26:36 EEST" skipped="0">
  <testcase classname="tests.javaScriptRedirectionTest" name="transportInSeconds" time="31.771"/>
  <system-out/>
</testsuite> <!-- tests.javaScriptRedirectionTest -->
