<?xml version="1.0" encoding="UTF-8"?>
<!-- Generated by org.testng.reporters.JUnitReportReporter -->
<testsuite hostname="DESKTOP-1CVLIIA" failures="0" tests="1" name="tests.simpleDynamicMobile" time="21.444" errors="0" timestamp="2022-09-07T00:29:06 EEST" skipped="0">
  <testcase classname="tests.simpleDynamicMobile" name="butons" time="21.444"/>
  <system-out/>
</testsuite> <!-- tests.simpleDynamicMobile -->
