<?xml version="1.0" encoding="UTF-8"?>
<!-- Generated by org.testng.reporters.JUnitReportReporter -->
<testsuite hostname="DESKTOP-1CVLIIA" failures="0" tests="1" name="tests.refreshPageTest" time="22.379" errors="0" timestamp="2022-09-07T00:26:36 EEST" skipped="0">
  <testcase classname="tests.refreshPageTest" name="refresh" time="22.379"/>
  <system-out/>
</testsuite> <!-- tests.refreshPageTest -->
